flex version 2.5.37 usage statistics:
  scanner options: -dsvI8 -Cem -oyylex.cpp
  261/2000 NFA states
  103/1000 DFA states (539 words)
  43 rules
  Compressed tables always back-up
  1/40 start conditions
  148 epsilon states, 63 double epsilon states
  18/100 character classes needed 191/500 words of storage, 0 reused
  1658 state/nextstate pairs created
  267/1391 unique/duplicate transitions
  108/1000 base-def entries created
  199/2000 (peak 301) nxt-chk entries created
  20/2500 (peak 230) template nxt-chk entries created
  0 empty table entries
  5 protos created
  5 templates created, 63 uses
  46/256 equivalence classes created
  4/256 meta-equivalence classes created
  0 (1 saved) hash collisions, 167 DFAs equal
  0 sets of reallocations needed
  916 total table entries needed
